# JRE version: OpenJDK Runtime Environment (8.0_152-b01) (build 1.8.0_152-release-915-b01)
# Java VM: OpenJDK 64-Bit Server VM (25.152-b01 mixed mode linux-amd64 compressed oops)
Heap:
 PSYoungGen      total 448512K, used 23474K [0x00000000e0000000, 0x00000000fff00000, 0x0000000100000000)
  eden space 372736K, 0% used [0x00000000e0000000,0x00000000e0000000,0x00000000f6c00000)
  from space 75776K, 30% used [0x00000000f6c00000,0x00000000f82ec998,0x00000000fb600000)
  to   space 72704K, 0% used [0x00000000fb800000,0x00000000fb800000,0x00000000fff00000)
 ParOldGen       total 110080K, used 106877K [0x00000000a0000000, 0x00000000a6b80000, 0x00000000e0000000)
  object space 110080K, 97% used [0x00000000a0000000,0x00000000a685f400,0x00000000a6b80000)
 Metaspace       used 85793K, capacity 90768K, committed 90840K, reserved 1128448K
  class space    used 10853K, capacity 11983K, committed 12032K, reserved 1048576K
GC Heap History (10 events):
Event: 4456,011 GC heap after
Heap after GC invocations=22 (full 3):
 PSYoungGen      total 450560K, used 45549K [0x00000000e0000000, 0x0000000100000000, 0x0000000100000000)
  eden space 404992K, 0% used [0x00000000e0000000,0x00000000e0000000,0x00000000f8b80000)
  from space 45568K, 99% used [0x00000000f8b80000,0x00000000fb7fb4b8,0x00000000fb800000)
  to   space 56320K, 0% used [0x00000000fc900000,0x00000000fc900000,0x0000000100000000)
 ParOldGen       total 110080K, used 64456K [0x00000000a0000000, 0x00000000a6b80000, 0x00000000e0000000)
  object space 110080K, 58% used [0x00000000a0000000,0x00000000a3ef20e0,0x00000000a6b80000)
 Metaspace       used 84792K, capacity 89680K, committed 89816K, reserved 1126400K
  class space    used 10790K, capacity 11949K, committed 12032K, reserved 1048576K
}
Event: 4467,734 GC heap before
{Heap before GC invocations=23 (full 3):
 PSYoungGen      total 450560K, used 450541K [0x00000000e0000000, 0x0000000100000000, 0x0000000100000000)
  eden space 404992K, 100% used [0x00000000e0000000,0x00000000f8b80000,0x00000000f8b80000)
  from space 45568K, 99% used [0x00000000f8b80000,0x00000000fb7fb4b8,0x00000000fb800000)
  to   space 56320K, 0% used [0x00000000fc900000,0x00000000fc900000,0x0000000100000000)
 ParOldGen       total 110080K, used 64456K [0x00000000a0000000, 0x00000000a6b80000, 0x00000000e0000000)
  object space 110080K, 58% used [0x00000000a0000000,0x00000000a3ef20e0,0x00000000a6b80000)
 Metaspace       used 85480K, capacity 90440K, committed 90584K, reserved 1128448K
  class space    used 10853K, capacity 11983K, committed 12032K, reserved 1048576K
Event: 4467,800 GC heap after
Heap after GC invocations=23 (full 3):
 PSYoungGen      total 453632K, used 51542K [0x00000000e0000000, 0x0000000100000000, 0x0000000100000000)
  eden space 397312K, 0% used [0x00000000e0000000,0x00000000e0000000,0x00000000f8400000)
  from space 56320K, 91% used [0x00000000fc900000,0x00000000ffb55820,0x0000000100000000)
  to   space 63488K, 0% used [0x00000000f8400000,0x00000000f8400000,0x00000000fc200000)
 ParOldGen       total 110080K, used 67917K [0x00000000a0000000, 0x00000000a6b80000, 0x00000000e0000000)
  object space 110080K, 61% used [0x00000000a0000000,0x00000000a42536b0,0x00000000a6b80000)
 Metaspace       used 85480K, capacity 90440K, committed 90584K, reserved 1128448K
  class space    used 10853K, capacity 11983K, committed 12032K, reserved 1048576K
}
Event: 4469,507 GC heap before
{Heap before GC invocations=24 (full 3):
 PSYoungGen      total 453632K, used 448854K [0x00000000e0000000, 0x0000000100000000, 0x0000000100000000)
  eden space 397312K, 100% used [0x00000000e0000000,0x00000000f8400000,0x00000000f8400000)
  from space 56320K, 91% used [0x00000000fc900000,0x00000000ffb55820,0x0000000100000000)
  to   space 63488K, 0% used [0x00000000f8400000,0x00000000f8400000,0x00000000fc200000)
 ParOldGen       total 110080K, used 67917K [0x00000000a0000000, 0x00000000a6b80000, 0x00000000e0000000)
  object space 110080K, 61% used [0x00000000a0000000,0x00000000a42536b0,0x00000000a6b80000)
 Metaspace       used 85704K, capacity 90636K, committed 90840K, reserved 1128448K
  class space    used 10853K, capacity 11983K, committed 12032K, reserved 1048576K
Event: 4469,580 GC heap after
Heap after GC invocations=24 (full 3):
 PSYoungGen      total 452608K, used 55272K [0x00000000e0000000, 0x0000000100000000, 0x0000000100000000)
  eden space 397312K, 0% used [0x00000000e0000000,0x00000000e0000000,0x00000000f8400000)
  from space 55296K, 99% used [0x00000000f8400000,0x00000000fb9fa018,0x00000000fba00000)
  to   space 70656K, 0% used [0x00000000fbb00000,0x00000000fbb00000,0x0000000100000000)
 ParOldGen       total 110080K, used 67925K [0x00000000a0000000, 0x00000000a6b80000, 0x00000000e0000000)
  object space 110080K, 61% used [0x00000000a0000000,0x00000000a42556b0,0x00000000a6b80000)
 Metaspace       used 85704K, capacity 90636K, committed 90840K, reserved 1128448K
  class space    used 10853K, capacity 11983K, committed 12032K, reserved 1048576K
}
Event: 4470,959 GC heap before
{Heap before GC invocations=25 (full 3):
 PSYoungGen      total 452608K, used 452584K [0x00000000e0000000, 0x0000000100000000, 0x0000000100000000)
  eden space 397312K, 100% used [0x00000000e0000000,0x00000000f8400000,0x00000000f8400000)
  from space 55296K, 99% used [0x00000000f8400000,0x00000000fb9fa018,0x00000000fba00000)
  to   space 70656K, 0% used [0x00000000fbb00000,0x00000000fbb00000,0x0000000100000000)
 ParOldGen       total 110080K, used 67925K [0x00000000a0000000, 0x00000000a6b80000, 0x00000000e0000000)
  object space 110080K, 61% used [0x00000000a0000000,0x00000000a42556b0,0x00000000a6b80000)
 Metaspace       used 85759K, capacity 90704K, committed 90840K, reserved 1128448K
  class space    used 10853K, capacity 11983K, committed 12032K, reserved 1048576K
Event: 4471,032 GC heap after
Heap after GC invocations=25 (full 3):
 PSYoungGen      total 443392K, used 54487K [0x00000000e0000000, 0x0000000100000000, 0x0000000100000000)
  eden space 372736K, 0% used [0x00000000e0000000,0x00000000e0000000,0x00000000f6c00000)
  from space 70656K, 77% used [0x00000000fbb00000,0x00000000ff035fc8,0x0000000100000000)
  to   space 75776K, 0% used [0x00000000f6c00000,0x00000000f6c00000,0x00000000fb600000)
 ParOldGen       total 110080K, used 71189K [0x00000000a0000000, 0x00000000a6b80000, 0x00000000e0000000)
  object space 110080K, 64% used [0x00000000a0000000,0x00000000a45854c8,0x00000000a6b80000)
 Metaspace       used 85759K, capacity 90704K, committed 90840K, reserved 1128448K
  class space    used 10853K, capacity 11983K, committed 12032K, reserved 1048576K
}
Event: 4472,311 GC heap before
{Heap before GC invocations=26 (full 3):
 PSYoungGen      total 443392K, used 427223K [0x00000000e0000000, 0x0000000100000000, 0x0000000100000000)
  eden space 372736K, 100% used [0x00000000e0000000,0x00000000f6c00000,0x00000000f6c00000)
  from space 70656K, 77% used [0x00000000fbb00000,0x00000000ff035fc8,0x0000000100000000)
  to   space 75776K, 0% used [0x00000000f6c00000,0x00000000f6c00000,0x00000000fb600000)
 ParOldGen       total 110080K, used 71189K [0x00000000a0000000, 0x00000000a6b80000, 0x00000000e0000000)
  object space 110080K, 64% used [0x00000000a0000000,0x00000000a45854c8,0x00000000a6b80000)
 Metaspace       used 85793K, capacity 90768K, committed 90840K, reserved 1128448K
  class space    used 10853K, capacity 11983K, committed 12032K, reserved 1048576K
Event: 4472,408 GC heap after
Heap after GC invocations=26 (full 3):
 PSYoungGen      total 448512K, used 23474K [0x00000000e0000000, 0x00000000fff00000, 0x0000000100000000)
  eden space 372736K, 0% used [0x00000000e0000000,0x00000000e0000000,0x00000000f6c00000)
  from space 75776K, 30% used [0x00000000f6c00000,0x00000000f82ec998,0x00000000fb600000)
  to   space 72704K, 0% used [0x00000000fb800000,0x00000000fb800000,0x00000000fff00000)
 ParOldGen       total 110080K, used 106877K [0x00000000a0000000, 0x00000000a6b80000, 0x00000000e0000000)
  object space 110080K, 97% used [0x00000000a0000000,0x00000000a685f400,0x00000000a6b80000)
 Metaspace       used 85793K, capacity 90768K, committed 90840K, reserved 1128448K
  class space    used 10853K, capacity 11983K, committed 12032K, reserved 1048576K
}
Event: 4472,408 GC heap before
{Heap before GC invocations=27 (full 4):
 PSYoungGen      total 448512K, used 23474K [0x00000000e0000000, 0x00000000fff00000, 0x0000000100000000)
  eden space 372736K, 0% used [0x00000000e0000000,0x00000000e0000000,0x00000000f6c00000)
  from space 75776K, 30% used [0x00000000f6c00000,0x00000000f82ec998,0x00000000fb600000)
  to   space 72704K, 0% used [0x00000000fb800000,0x00000000fb800000,0x00000000fff00000)
 ParOldGen       total 110080K, used 106877K [0x00000000a0000000, 0x00000000a6b80000, 0x00000000e0000000)
  object space 110080K, 97% used [0x00000000a0000000,0x00000000a685f400,0x00000000a6b80000)
 Metaspace       used 85793K, capacity 90768K, committed 90840K, reserved 1128448K
  class space    used 10853K, capacity 11983K, committed 12032K, reserved 1048576K

